TN:
SF:src/RecoveryVault.sol
FN:140,RecoveryVault.
FNDA:78,RecoveryVault.
DA:150,78
DA:151,78
DA:152,78
DA:153,78
DA:154,78
DA:155,78
DA:158,78
DA:159,153
DA:160,153
DA:162,153
DA:164,153
DA:165,153
DA:166,153
DA:170,78
DA:171,134
DA:172,134
BRDA:172,0,0,-
BRDA:172,0,1,134
DA:174,134
DA:175,134
DA:176,134
DA:177,134
DA:178,134
DA:179,134
DA:183,78
DA:184,7
DA:185,7
FN:194,RecoveryVault.deposit
FNDA:73,RecoveryVault.deposit
DA:195,73
BRDA:195,1,0,1
DA:196,72
BRDA:196,2,0,1
DA:197,71
BRDA:197,3,0,1
DA:199,70
DA:200,70
DA:201,70
DA:203,70
DA:204,70
DA:206,70
FN:211,RecoveryVault.depositRecovery
FNDA:50,RecoveryVault.depositRecovery
DA:212,50
BRDA:212,4,0,1
DA:214,49
DA:215,49
DA:217,49
FN:225,RecoveryVault.initiateHarvest
FNDA:54,RecoveryVault.initiateHarvest
DA:226,54
BRDA:226,5,0,1
DA:229,53
BRDA:229,6,0,8
DA:230,8
DA:231,6
BRDA:231,7,0,6
DA:232,6
BRDA:232,8,0,2
DA:233,2
DA:235,4
BRDA:235,9,0,2
DA:236,2
DA:242,49
BRDA:242,10,0,43
DA:243,43
DA:244,43
DA:248,49
DA:251,49
DA:266,49
DA:267,49
DA:269,49
FN:274,RecoveryVault.veto
FNDA:14,RecoveryVault.veto
DA:275,14
BRDA:275,11,0,1
DA:277,13
DA:279,13
BRDA:279,12,0,-
DA:280,13
BRDA:280,13,0,1
DA:281,1
BRDA:281,14,0,1
DA:282,1
BRDA:282,15,0,1
DA:284,10
DA:285,10
BRDA:285,16,0,1
DA:287,9
DA:288,9
DA:290,9
DA:292,9
BRDA:292,17,0,8
BRDA:292,17,1,1
DA:293,8
DA:294,8
DA:295,8
DA:297,8
DA:299,1
FN:305,RecoveryVault.executeHarvest
FNDA:28,RecoveryVault.executeHarvest
DA:306,28
BRDA:306,18,0,1
DA:308,27
DA:310,27
BRDA:310,19,0,-
DA:311,27
BRDA:311,20,0,1
DA:312,1
BRDA:312,21,0,1
DA:313,1
BRDA:313,22,0,1
DA:315,24
DA:316,24
DA:319,24
DA:320,24
BRDA:320,23,0,24
DA:321,24
DA:324,24
DA:327,24
DA:330,24
BRDA:330,24,0,22
DA:331,22
DA:334,24
FN:339,RecoveryVault.claim
FNDA:13,RecoveryVault.claim
DA:340,13
BRDA:340,25,0,1
DA:342,12
DA:344,12
BRDA:344,26,0,1
DA:345,1
BRDA:345,27,0,1
DA:347,10
DA:348,10
DA:349,10
DA:351,10
DA:352,20
DA:353,20
DA:355,9
DA:356,9
DA:359,9
DA:360,9
BRDA:360,30,0,9
DA:361,9
DA:365,9
DA:366,9
DA:370,10
BRDA:370,31,0,1
DA:372,9
DA:373,9
DA:374,9
DA:375,9
DA:377,9
DA:379,9
FN:388,RecoveryVault.claimOffChain
FNDA:6,RecoveryVault.claimOffChain
DA:395,6
BRDA:395,32,0,1
DA:397,5
DA:399,5
BRDA:399,33,0,1
DA:400,1
BRDA:400,34,0,1
DA:402,3
DA:404,3
BRDA:404,35,0,1
DA:406,2
DA:408,2
DA:409,2
DA:410,2
DA:413,2
DA:414,2
DA:416,2
DA:417,2
DA:418,2
DA:420,2
DA:422,2
FN:428,RecoveryVault.distributeUnclaimed
FNDA:8,RecoveryVault.distributeUnclaimed
DA:429,8
BRDA:429,36,0,1
DA:430,7
BRDA:430,37,0,1
DA:431,1
BRDA:431,38,0,1
DA:433,5
DA:434,5
BRDA:434,39,0,-
DA:436,5
DA:438,5
BRDA:438,40,0,1
BRDA:438,40,1,4
DA:439,1
DA:440,1
DA:442,4
DA:443,4
DA:444,4
FN:449,RecoveryVault.claimRedistribution
FNDA:5,RecoveryVault.claimRedistribution
DA:450,5
BRDA:450,41,0,1
DA:451,1
BRDA:451,42,0,1
DA:452,3
BRDA:452,43,0,1
DA:454,2
DA:456,2
DA:458,2
DA:460,2
FN:465,RecoveryVault._snapshotAssetPrices
FNDA:49,RecoveryVault._snapshotAssetPrices
DA:466,49
DA:467,87
DA:468,87
FN:472,RecoveryVault._executeWaterfall
FNDA:24,RecoveryVault._executeWaterfall
DA:473,24
DA:474,24
DA:475,24
DA:477,24
DA:478,48
DA:480,29
DA:481,29
DA:485,28
DA:487,28
DA:489,28
BRDA:489,46,0,28
DA:490,28
DA:495,28
DA:497,28
DA:502,24
BRDA:502,47,0,2
DA:503,2
DA:504,2
DA:505,2
BRDA:505,48,0,1
DA:506,1
DA:507,1
FN:513,RecoveryVault._getTrancheDenominator
FNDA:31,RecoveryVault._getTrancheDenominator
DA:514,31
DA:516,31
BRDA:516,49,0,30
BRDA:516,49,1,1
DA:517,30
DA:520,1
DA:521,1
DA:522,1
DA:523,1
DA:524,1
DA:529,31
DA:531,31
FN:539,RecoveryVault.getAssetPrice
FNDA:3,RecoveryVault.getAssetPrice
DA:540,161
DA:541,161
BRDA:541,50,0,157
DA:542,157
DA:546,4
DA:547,4
BRDA:547,51,0,2
DA:548,2
DA:550,2
FN:557,RecoveryVault.getVetoWeight
FNDA:1,RecoveryVault.getVetoWeight
DA:558,11
DA:559,11
DA:560,19
DA:561,19
DA:564,10
DA:565,10
BRDA:565,53,0,10
BRDA:565,53,1,10
DA:566,10
DA:567,10
DA:569,0
DA:572,11
FN:578,RecoveryVault.getTotalVetoWeight
FNDA:1,RecoveryVault.getTotalVetoWeight
DA:579,10
DA:580,10
DA:581,17
DA:582,17
DA:584,10
DA:585,10
BRDA:585,55,0,10
BRDA:585,55,1,10
DA:586,10
DA:587,10
DA:589,0
DA:592,10
FN:599,RecoveryVault.getClaimable
FNDA:11,RecoveryVault.getClaimable
DA:600,11
DA:601,10
DA:604,8
DA:605,8
DA:606,8
DA:608,8
DA:609,16
DA:610,16
DA:612,9
DA:613,9
DA:615,7
DA:616,7
DA:617,7
DA:619,8
FN:624,RecoveryVault.getRoundInfo
FNDA:6,RecoveryVault.getRoundInfo
DA:640,6
BRDA:640,61,0,1
DA:641,5
DA:642,5
FN:658,RecoveryVault.getTrancheInfo
FNDA:9,RecoveryVault.getTrancheInfo
DA:663,9
BRDA:663,62,0,1
BRDA:663,62,1,8
DA:664,8
DA:665,8
FN:669,RecoveryVault.getRoundCount
FNDA:7,RecoveryVault.getRoundCount
DA:670,7
FN:674,RecoveryVault.getAcceptedAssetsCount
FNDA:1,RecoveryVault.getAcceptedAssetsCount
DA:675,1
FN:679,RecoveryVault.getOffChainClaimsCount
FNDA:2,RecoveryVault.getOffChainClaimsCount
DA:680,2
FNF:22
FNH:22
LF:229
LH:227
BRF:59
BRH:55
end_of_record
TN:
SF:src/Templates.sol
FN:28,Templates.get
FNDA:81,Templates.get
DA:29,81
BRDA:29,0,0,73
DA:30,73
DA:31,73
DA:32,73
DA:33,73
DA:36,8
BRDA:36,1,0,1
DA:37,1
DA:38,1
DA:39,1
DA:40,1
DA:41,1
DA:44,7
BRDA:44,2,0,1
DA:45,1
DA:46,1
DA:47,1
DA:48,1
DA:49,1
DA:50,1
DA:53,6
BRDA:53,3,0,6
DA:54,6
DA:55,6
DA:56,6
DA:59,0
FN:62,Templates.getTrancheCount
FNDA:0,Templates.getTrancheCount
DA:63,0
DA:64,0
DA:65,0
DA:66,0
DA:67,0
FNF:2
FNH:1
LF:28
LH:22
BRF:4
BRH:4
end_of_record
TN:
SF:src/TrancheIOU.sol
FN:15,TrancheIOU.onlyVault
FNDA:75,TrancheIOU.onlyVault
DA:16,75
BRDA:16,0,0,1
FN:20,TrancheIOU.
FNDA:160,TrancheIOU.
DA:26,160
DA:27,160
FN:33,TrancheIOU.mint
FNDA:75,TrancheIOU.mint
DA:34,74
FN:40,TrancheIOU.burn
FNDA:11,TrancheIOU.burn
DA:41,10
FNF:4
FNH:4
LF:5
LH:5
BRF:1
BRH:1
end_of_record
TN:
SF:src/VaultFactory.sol
FN:29,VaultFactory.
FNDA:83,VaultFactory.
DA:30,83
BRDA:30,0,0,-
BRDA:30,0,1,83
DA:31,83
FN:45,VaultFactory.createVault
FNDA:80,VaultFactory.createVault
DA:54,80
DA:57,80
DA:58,136
BRDA:58,1,0,1
BRDA:58,1,1,135
DA:62,79
DA:63,8
BRDA:63,2,0,1
BRDA:63,2,1,7
DA:66,78
DA:72,78
DA:73,78
DA:75,78
FN:81,VaultFactory.getVaultCount
FNDA:1,VaultFactory.getVaultCount
DA:82,1
FN:87,VaultFactory.getTemplate
FNDA:1,VaultFactory.getTemplate
DA:88,1
FN:93,VaultFactory.getVaultAt
FNDA:2,VaultFactory.getVaultAt
DA:94,2
BRDA:94,3,0,1
BRDA:94,3,1,1
DA:95,1
FNF:5
FNH:5
LF:15
LH:15
BRF:8
BRH:7
end_of_record
TN:
SF:test/mocks/MockERC20.sol
FN:9,MockERC20.
FNDA:225,MockERC20.
DA:10,225
FN:13,MockERC20.mint
FNDA:248,MockERC20.mint
DA:14,248
FN:17,MockERC20.burn
FNDA:1,MockERC20.burn
DA:18,1
FN:21,MockERC20.decimals
FNDA:44,MockERC20.decimals
DA:22,44
FNF:4
FNH:4
LF:4
LH:4
BRF:0
BRH:0
end_of_record
TN:
SF:test/mocks/MockOracle.sol
FN:7,MockOracle.
FNDA:5,MockOracle.
DA:8,5
FN:11,MockOracle.latestAnswer
FNDA:4,MockOracle.latestAnswer
DA:12,4
FN:15,MockOracle.setPrice
FNDA:1,MockOracle.setPrice
DA:16,1
FNF:3
FNH:3
LF:3
LH:3
BRF:0
BRH:0
end_of_record
